0 info it worked if it ends with ok
1 verbose cli [ '/home/pablo/.nvm/versions/node/v4.4.7/bin/node',
1 verbose cli   '/home/pablo/.nvm/versions/node/v4.4.7/bin/npm',
1 verbose cli   'start',
1 verbose cli   'server.js' ]
2 info using npm@2.15.8
3 info using node@v4.4.7
4 verbose run-script [ 'prestart', 'start', 'poststart' ]
5 info prestart api-node@1.0.0
6 info start api-node@1.0.0
7 verbose unsafe-perm in lifecycle true
8 info api-node@1.0.0 Failed to exec start script
9 verbose stack Error: api-node@1.0.0 start: `node server.js "server.js"`
9 verbose stack Exit status 1
9 verbose stack     at EventEmitter.<anonymous> (/home/pablo/.nvm/versions/node/v4.4.7/lib/node_modules/npm/lib/utils/lifecycle.js:217:16)
9 verbose stack     at emitTwo (events.js:87:13)
9 verbose stack     at EventEmitter.emit (events.js:172:7)
9 verbose stack     at ChildProcess.<anonymous> (/home/pablo/.nvm/versions/node/v4.4.7/lib/node_modules/npm/lib/utils/spawn.js:24:14)
9 verbose stack     at emitTwo (events.js:87:13)
9 verbose stack     at ChildProcess.emit (events.js:172:7)
9 verbose stack     at maybeClose (internal/child_process.js:827:16)
9 verbose stack     at Process.ChildProcess._handle.onexit (internal/child_process.js:211:5)
10 verbose pkgid api-node@1.0.0
11 verbose cwd /home/pablo/Documentos/Projetos/api node
12 error Linux 5.15.0-116-generic
13 error argv "/home/pablo/.nvm/versions/node/v4.4.7/bin/node" "/home/pablo/.nvm/versions/node/v4.4.7/bin/npm" "start" "server.js"
14 error node v4.4.7
15 error npm  v2.15.8
16 error code ELIFECYCLE
17 error api-node@1.0.0 start: `node server.js "server.js"`
17 error Exit status 1
18 error Failed at the api-node@1.0.0 start script 'node server.js "server.js"'.
18 error This is most likely a problem with the api-node package,
18 error not with npm itself.
18 error Tell the author that this fails on your system:
18 error     node server.js "server.js"
18 error You can get information on how to open an issue for this project with:
18 error     npm bugs api-node
18 error Or if that isn't available, you can get their info via:
18 error
18 error     npm owner ls api-node
18 error There is likely additional logging output above.
19 verbose exit [ 1, true ]
